<?xml version="1.0" encoding="utf-8"?><testsuites name="pytest tests"><testsuite name="pytest" errors="0" failures="0" skipped="0" tests="5" time="4.663" timestamp="2026-07-25T12:21:04.828095+00:00" hostname="agent-env-efdf4b8d-0b34-4048-ac49-b22f2de8c377"><testcase classname="tests.test_ironflow_backend" name="test_health" time="0.168" /><testcase classname="tests.test_ironflow_backend" name="test_root" time="0.042" /><testcase classname="tests.test_ironflow_backend" name="test_parse_plan_valid_image" time="3.962" /><testcase classname="tests.test_ironflow_backend" name="test_parse_plan_malformed_base64" time="0.125" /><testcase classname="tests.test_ironflow_backend" name="test_parse_plan_missing_field" time="0.043" /></testsuite></testsuites>