<?xml version="1.0" encoding="utf-8"?><testsuites name="pytest tests"><testsuite name="pytest" errors="0" failures="0" skipped="0" tests="10" time="31.729" timestamp="2026-07-25T14:02:39.341680+00:00" hostname="agent-env-efdf4b8d-0b34-4048-ac49-b22f2de8c377"><testcase classname="tests.test_ironflow_backend" name="test_health" time="0.277" /><testcase classname="tests.test_ironflow_backend" name="test_root" time="0.046" /><testcase classname="tests.test_ironflow_backend" name="test_parse_plan_valid_image" time="4.359" /><testcase classname="tests.test_ironflow_backend" name="test_parse_plan_wod_time_mode" time="6.054" /><testcase classname="tests.test_ironflow_backend" name="test_parse_plan_amrap_mode" time="5.854" /><testcase classname="tests.test_ironflow_backend" name="test_parse_plan_emom_mode" time="4.458" /><testcase classname="tests.test_ironflow_backend" name="test_parse_plan_schema_includes_emom_field" time="5.481" /><testcase classname="tests.test_ironflow_backend" name="test_parse_plan_classic_has_mode_and_duration_fields" time="4.674" /><testcase classname="tests.test_ironflow_backend" name="test_parse_plan_malformed_base64" time="0.119" /><testcase classname="tests.test_ironflow_backend" name="test_parse_plan_missing_field" time="0.047" /></testsuite></testsuites>